<?xml version="1.0" encoding="UTF-8"?>
<testsuite xmlns:xsi="http://www.w3.org/2001/XMLSchema-instance" xsi:noNamespaceSchemaLocation="https://maven.apache.org/surefire/maven-surefire-plugin/xsd/surefire-test-report-3.0.xsd" version="3.0" name="com.bellj.springBootDemoServiceAcceptanceTests.RunCucumberTest" time="9.101" tests="6" errors="0" skipped="0" failures="0">
  <properties>
[...]
</properties>
  <testcase name="Can fetch empty clients" classname="An example" time="1.583">
    <system-out><![CDATA[
Scenario: Can fetch empty clients                 &amp#27;[90m# features/example.feature:7&amp#27;[0m
  &amp#27;[32mGiven &amp#27;[0m&amp#27;[32mno clients are registered in the database&amp#27;[0m &amp#27;[90m# com.bellj.springBootDemoServiceAcceptanceTests.StepDefinitions.noClientsExist()&amp#27;[0m
  &amp#27;[32mWhen &amp#27;[0m&amp#27;[32ma GET request is sent to &amp#27;[0m&amp#27;[32m&amp#27;[1m"/clients"&amp#27;[0m        &amp#27;[90m# com.bellj.springBootDemoServiceAcceptanceTests.StepDefinitions.sendGetRequest(java.lang.String)&amp#27;[0m
[]
  &amp#27;[32mThen &amp#27;[0m&amp#27;[32mthe responseBody matches &amp#27;[0m&amp#27;[32m&amp#27;[1m"[]"&amp#27;[0m              &amp#27;[90m# com.bellj.springBootDemoServiceAcceptanceTests.StepDefinitions.responseBodyMatches(java.lang.String)&amp#27;[0m
  &amp#27;[32mAnd &amp#27;[0m&amp#27;[32mthe responseCode is &amp#27;[0m&amp#27;[32m&amp#27;[1m200&amp#27;[0m                     &amp#27;[90m# com.bellj.springBootDemoServiceAcceptanceTests.StepDefinitions.responseCodeMatches(java.lang.Integer)&amp#27;[0m
]]></system-out>
  </testcase>
  <testcase name="Can fetch all known clients" classname="An example" time="1.689">
    <system-out><![CDATA[
Scenario: Can fetch all known clients                                                                                                                                                                                &amp#27;[90m# features/example.feature:12&amp#27;[0m
  &amp#27;[32mGiven &amp#27;[0m&amp#27;[32mno clients are registered in the database&amp#27;[0m                                                                                                                                                                    &amp#27;[90m# com.bellj.springBootDemoServiceAcceptanceTests.StepDefinitions.noClientsExist()&amp#27;[0m
1, test_name, test_email
2, test_name, test_email
3, test_name, test_email
  &amp#27;[32mGiven &amp#27;[0m&amp#27;[32m&amp#27;[0m&amp#27;[32m&amp#27;[1m3&amp#27;[0m&amp#27;[32m clients are registered in the database&amp#27;[0m                                                                                                                                                                     &amp#27;[90m# com.bellj.springBootDemoServiceAcceptanceTests.StepDefinitions.registerClients(int)&amp#27;[0m
  &amp#27;[32mWhen &amp#27;[0m&amp#27;[32ma GET request is sent to &amp#27;[0m&amp#27;[32m&amp#27;[1m"/clients"&amp#27;[0m                                                                                                                                                                           &amp#27;[90m# com.bellj.springBootDemoServiceAcceptanceTests.StepDefinitions.sendGetRequest(java.lang.String)&amp#27;[0m
[{"id":1,"name":"test_name","email":"test_email"},{"id":2,"name":"test_name","email":"test_email"},{"id":3,"name":"test_name","email":"test_email"}]
  &amp#27;[32mThen &amp#27;[0m&amp#27;[32mthe responseBody matches &amp#27;[0m&amp#27;[32m&amp#27;[1m"[{\"id\":1,\"name\":\"test_name\",\"email\":\"test_email\"},{\"id\":2,\"name\":\"test_name\",\"email\":\"test_email\"},{\"id\":3,\"name\":\"test_name\",\"email\":\"test_email\"}]"&amp#27;[0m &amp#27;[90m# com.bellj.springBootDemoServiceAcceptanceTests.StepDefinitions.responseBodyMatches(java.lang.String)&amp#27;[0m
  &amp#27;[32mAnd &amp#27;[0m&amp#27;[32mthe responseCode is &amp#27;[0m&amp#27;[32m&amp#27;[1m200&amp#27;[0m                                                                                                                                                                                        &amp#27;[90m# com.bellj.springBootDemoServiceAcceptanceTests.StepDefinitions.responseCodeMatches(java.lang.Integer)&amp#27;[0m
]]></system-out>
  </testcase>
  <testcase name="Can get by ID" classname="An example" time="1.603">
    <system-out><![CDATA[
Scenario: Can get by ID                                                                      &amp#27;[90m# features/example.feature:19&amp#27;[0m
  &amp#27;[32mGiven &amp#27;[0m&amp#27;[32mno clients are registered in the database&amp#27;[0m                                            &amp#27;[90m# com.bellj.springBootDemoServiceAcceptanceTests.StepDefinitions.noClientsExist()&amp#27;[0m
1, test_name, test_email
2, test_name, test_email
3, test_name, test_email
  &amp#27;[32mGiven &amp#27;[0m&amp#27;[32m&amp#27;[0m&amp#27;[32m&amp#27;[1m3&amp#27;[0m&amp#27;[32m clients are registered in the database&amp#27;[0m                                             &amp#27;[90m# com.bellj.springBootDemoServiceAcceptanceTests.StepDefinitions.registerClients(int)&amp#27;[0m
  &amp#27;[32mWhen &amp#27;[0m&amp#27;[32ma GET request is sent to &amp#27;[0m&amp#27;[32m&amp#27;[1m"/clients/2"&amp#27;[0m                                                 &amp#27;[90m# com.bellj.springBootDemoServiceAcceptanceTests.StepDefinitions.sendGetRequest(java.lang.String)&amp#27;[0m
{"id":2,"name":"test_name","email":"test_email"}
  &amp#27;[32mThen &amp#27;[0m&amp#27;[32mthe responseBody matches &amp#27;[0m&amp#27;[32m&amp#27;[1m"{\"id\":2,\"name\":\"test_name\",\"email\":\"test_email\"}"&amp#27;[0m &amp#27;[90m# com.bellj.springBootDemoServiceAcceptanceTests.StepDefinitions.responseBodyMatches(java.lang.String)&amp#27;[0m
  &amp#27;[32mAnd &amp#27;[0m&amp#27;[32mthe responseCode is &amp#27;[0m&amp#27;[32m&amp#27;[1m200&amp#27;[0m                                                                &amp#27;[90m# com.bellj.springBootDemoServiceAcceptanceTests.StepDefinitions.responseCodeMatches(java.lang.Integer)&amp#27;[0m
]]></system-out>
  </testcase>
  <testcase name="Can create a new user" classname="An example" time="0.56">
    <system-out><![CDATA[
Scenario: Can create a new user                                                              &amp#27;[90m# features/example.feature:25&amp#27;[0m
  &amp#27;[32mGiven &amp#27;[0m&amp#27;[32mno clients are registered in the database&amp#27;[0m                                            &amp#27;[90m# com.bellj.springBootDemoServiceAcceptanceTests.StepDefinitions.noClientsExist()&amp#27;[0m
  &amp#27;[32mWhen &amp#27;[0m&amp#27;[32ma POST request is sent to &amp#27;[0m&amp#27;[32m&amp#27;[1m"/clients"&amp#27;[0m&amp#27;[32m with the body&amp#27;[0m                                    &amp#27;[90m# com.bellj.springBootDemoServiceAcceptanceTests.StepDefinitions.sendPostRequestWithBody(java.lang.String,java.lang.String)&amp#27;[0m
{"id":1,"name":"test_name","email":"test_email"}
  &amp#27;[32mThen &amp#27;[0m&amp#27;[32mthe responseBody matches &amp#27;[0m&amp#27;[32m&amp#27;[1m"{\"id\":1,\"name\":\"test_name\",\"email\":\"test_email\"}"&amp#27;[0m &amp#27;[90m# com.bellj.springBootDemoServiceAcceptanceTests.StepDefinitions.responseBodyMatches(java.lang.String)&amp#27;[0m
  &amp#27;[32mAnd &amp#27;[0m&amp#27;[32mthe responseCode is &amp#27;[0m&amp#27;[32m&amp#27;[1m201&amp#27;[0m                                                                &amp#27;[90m# com.bellj.springBootDemoServiceAcceptanceTests.StepDefinitions.responseCodeMatches(java.lang.Integer)&amp#27;[0m
]]></system-out>
  </testcase>
  <testcase name="Can update a user" classname="An example" time="1.235">
    <system-out><![CDATA[
Scenario: Can update a user                                                                          &amp#27;[90m# features/example.feature:33&amp#27;[0m
  &amp#27;[32mGiven &amp#27;[0m&amp#27;[32mno clients are registered in the database&amp#27;[0m                                                    &amp#27;[90m# com.bellj.springBootDemoServiceAcceptanceTests.StepDefinitions.noClientsExist()&amp#27;[0m
1, test_name, test_email
  &amp#27;[32mGiven &amp#27;[0m&amp#27;[32m&amp#27;[0m&amp#27;[32m&amp#27;[1m1&amp#27;[0m&amp#27;[32m clients are registered in the database&amp#27;[0m                                                     &amp#27;[90m# com.bellj.springBootDemoServiceAcceptanceTests.StepDefinitions.registerClients(int)&amp#27;[0m
Sending to http://localhost:8080/clients/1
  &amp#27;[32mWhen &amp#27;[0m&amp#27;[32ma PUT request is sent to &amp#27;[0m&amp#27;[32m&amp#27;[1m"/clients"&amp#27;[0m&amp#27;[32m with ID &amp#27;[0m&amp#27;[32m&amp#27;[1m1&amp#27;[0m&amp#27;[32m with body&amp#27;[0m                                       &amp#27;[90m# com.bellj.springBootDemoServiceAcceptanceTests.StepDefinitions.sendPutRequestWithBody(java.lang.String,java.lang.Integer,java.lang.String)&amp#27;[0m
{"id":1,"name":"new_test_name","email":"new_test_email"}
  &amp#27;[32mThen &amp#27;[0m&amp#27;[32mthe responseBody matches &amp#27;[0m&amp#27;[32m&amp#27;[1m"{\"id\":1,\"name\":\"new_test_name\",\"email\":\"new_test_email\"}"&amp#27;[0m &amp#27;[90m# com.bellj.springBootDemoServiceAcceptanceTests.StepDefinitions.responseBodyMatches(java.lang.String)&amp#27;[0m
  &amp#27;[32mAnd &amp#27;[0m&amp#27;[32mthe responseCode is &amp#27;[0m&amp#27;[32m&amp#27;[1m200&amp#27;[0m                                                                        &amp#27;[90m# com.bellj.springBootDemoServiceAcceptanceTests.StepDefinitions.responseCodeMatches(java.lang.Integer)&amp#27;[0m
]]></system-out>
  </testcase>
  <testcase name="Can delete a user" classname="An example" time="1.062">
    <system-out><![CDATA[
Scenario: Can delete a user                             &amp#27;[90m# features/example.feature:42&amp#27;[0m
  &amp#27;[32mGiven &amp#27;[0m&amp#27;[32mno clients are registered in the database&amp#27;[0m       &amp#27;[90m# com.bellj.springBootDemoServiceAcceptanceTests.StepDefinitions.noClientsExist()&amp#27;[0m
1, test_name, test_email
  &amp#27;[32mGiven &amp#27;[0m&amp#27;[32m&amp#27;[0m&amp#27;[32m&amp#27;[1m1&amp#27;[0m&amp#27;[32m clients are registered in the database&amp#27;[0m        &amp#27;[90m# com.bellj.springBootDemoServiceAcceptanceTests.StepDefinitions.registerClients(int)&amp#27;[0m
Sending to http://localhost:8080/clients/1
  &amp#27;[32mWhen &amp#27;[0m&amp#27;[32ma DELETE request is sent to &amp#27;[0m&amp#27;[32m&amp#27;[1m"/clients"&amp#27;[0m&amp#27;[32m with ID &amp#27;[0m&amp#27;[32m&amp#27;[1m1&amp#27;[0m &amp#27;[90m# com.bellj.springBootDemoServiceAcceptanceTests.StepDefinitions.sendDeleteRequest(java.lang.String,java.lang.Integer)&amp#27;[0m

  &amp#27;[32mThen &amp#27;[0m&amp#27;[32mthe responseBody matches &amp#27;[0m&amp#27;[32m&amp#27;[1m""&amp#27;[0m                      &amp#27;[90m# com.bellj.springBootDemoServiceAcceptanceTests.StepDefinitions.responseBodyMatches(java.lang.String)&amp#27;[0m
  &amp#27;[32mAnd &amp#27;[0m&amp#27;[32mthe responseCode is &amp#27;[0m&amp#27;[32m&amp#27;[1m200&amp#27;[0m                           &amp#27;[90m# com.bellj.springBootDemoServiceAcceptanceTests.StepDefinitions.responseCodeMatches(java.lang.Integer)&amp#27;[0m
]]></system-out>
  </testcase>
</testsuite>